nohup: ignoring input
6721
(3930, 4202)
(3930, 225)
(76, 225)
(3930, 2)
(3537, 2)
(393, 2)
(76, 2)
17
start_training
0
XXXXXXXXXXXXXXXXXXXXXXXXXXXX
validation top- 10 0.7092054062707192
1
XXXXXXXXXXXXXXXXXXXXXXXXXXXX
validation top- 10 0.7115854493250694
2
XXXXXXXXXXXXXXXXXXXXXXXXXXXX
validation top- 10 0.7118976233503872
3
XXXXXXXXXXXXXXXXXXXXXXXXXXXX
validation top- 10 0.7144996119709242
4
XXXXXXXXXXXXXXXXXXXXXXXXXXXX
validation top- 10 0.7110477494929425
5
XXXXXXXXXXXXXXXXXXXXXXXXXXXX
validation top- 10 0.7123579870873668
6
XXXXXXXXXXXXXXXXXXXXXXXXXXXX
validation top- 10 0.7151305780432496
7
XXXXXXXXXXXXXXXXXXXXXXXXXXXX
validation top- 10 0.7182544173806251
8
XXXXXXXXXXXXXXXXXXXXXXXXXXXX
validation top- 10 0.7149351140829552
9
XXXXXXXXXXXXXXXXXXXXXXXXXXXX
validation top- 10 0.7138046198201676
10
XXXXXXXXXXXXXXXXXXXXXXXXXXXX
validation top- 10 0.7052630227276109
11
XXXXXXXXXXXXXXXXXXXXXXXXXXXX
validation top- 10 0.7325241774522476
12
XXXXXXXXXXXXXXXXXXXXXXXXXXXX
validation top- 10 0.7240194729858928
13
XXXXXXXXXXXXXXXXXXXXXXXXXXXX
validation top- 10 0.7337603489555562
14
XXXXXXXXXXXXXXXXXXXXXXXXXXXX
validation top- 10 0.7335519124838679
15
XXXXXXXXXXXXXXXXXXXXXXXXXXXX
validation top- 10 0.7207752455044951
16
XXXXXXXXXXXXXXXXXXXXXXXXXXXX
validation top- 10 0.726709244664255
17
XXXXXXXXXXXXXXXXXXXXXXXXXXXX
validation top- 10 0.7288574799850488
18
XXXXXXXXXXXXXXXXXXXXXXXXXXXX
validation top- 10 0.733642905599237
[0.7092054062707192, 0.7115854493250694, 0.7118976233503872, 0.7144996119709242, 0.7110477494929425, 0.7123579870873668, 0.7151305780432496, 0.7182544173806251, 0.7149351140829552, 0.7138046198201676, 0.7052630227276109, 0.7325241774522476, 0.7240194729858928, 0.7337603489555562, 0.7335519124838679, 0.7207752455044951, 0.726709244664255, 0.7288574799850488, 0.733642905599237] 13
our_model alone: 
top- 10 0.758441260826608
